  glad.c
c:\users\lyrst\documents\kandidat\datx02-89\boidsim\boidsim\glad.c(273): error C2061: syntax error: identifier 'glad_glActiveShaderProgram'
c:\users\lyrst\documents\kandidat\datx02-89\boidsim\boidsim\glad.c(273): error C2059: syntax error: ';'
c:\users\lyrst\documents\kandidat\datx02-89\boidsim\boidsim\glad.c(273): error C2513: ' ': no variable declared before '='
c:\users\lyrst\documents\kandidat\datx02-89\boidsim\boidsim\glad.c(278): error C2061: syntax error: identifier 'glad_glBeginQueryIndexed'
c:\users\lyrst\documents\kandidat\datx02-89\boidsim\boidsim\glad.c(278): error C2059: syntax error: ';'
c:\users\lyrst\documents\kandidat\datx02-89\boidsim\boidsim\glad.c(278): error C2513: ' ': no variable declared before '='
c:\users\lyrst\documents\kandidat\datx02-89\boidsim\boidsim\glad.c(284): error C2061: syntax error: identifier 'glad_glBindBuffersBase'
c:\users\lyrst\documents\kandidat\datx02-89\boidsim\boidsim\glad.c(284): error C2059: syntax error: ';'
c:\users\lyrst\documents\kandidat\datx02-89\boidsim\boidsim\glad.c(284): error C2513: ' ': no variable declared before '='
c:\users\lyrst\documents\kandidat\datx02-89\boidsim\boidsim\glad.c(285): error C2061: syntax error: identifier 'glad_glBindBuffersRange'
c:\users\lyrst\documents\kandidat\datx02-89\boidsim\boidsim\glad.c(285): error C2059: syntax error: ';'
c:\users\lyrst\documents\kandidat\datx02-89\boidsim\boidsim\glad.c(285): error C2513: ' ': no variable declared before '='
c:\users\lyrst\documents\kandidat\datx02-89\boidsim\boidsim\glad.c(289): error C2061: syntax error: identifier 'glad_glBindImageTexture'
c:\users\lyrst\documents\kandidat\datx02-89\boidsim\boidsim\glad.c(289): error C2059: syntax error: ';'
c:\users\lyrst\documents\kandidat\datx02-89\boidsim\boidsim\glad.c(289): error C2513: ' ': no variable declared before '='
c:\users\lyrst\documents\kandidat\datx02-89\boidsim\boidsim\glad.c(290): error C2061: syntax error: identifier 'glad_glBindImageTextures'
c:\users\lyrst\documents\kandidat\datx02-89\boidsim\boidsim\glad.c(290): error C2059: syntax error: ';'
c:\users\lyrst\documents\kandidat\datx02-89\boidsim\boidsim\glad.c(290): error C2513: ' ': no variable declared before '='
c:\users\lyrst\documents\kandidat\datx02-89\boidsim\boidsim\glad.c(291): error C2061: syntax error: identifier 'glad_glBindProgramPipeline'
c:\users\lyrst\documents\kandidat\datx02-89\boidsim\boidsim\glad.c(291): error C2059: syntax error: ';'
c:\users\lyrst\documents\kandidat\datx02-89\boidsim\boidsim\glad.c(291): error C2513: ' ': no variable declared before '='
c:\users\lyrst\documents\kandidat\datx02-89\boidsim\boidsim\glad.c(294): error C2061: syntax error: identifier 'glad_glBindSamplers'
c:\users\lyrst\documents\kandidat\datx02-89\boidsim\boidsim\glad.c(294): error C2059: syntax error: ';'
c:\users\lyrst\documents\kandidat\datx02-89\boidsim\boidsim\glad.c(294): error C2513: ' ': no variable declared before '='
c:\users\lyrst\documents\kandidat\datx02-89\boidsim\boidsim\glad.c(296): error C2061: syntax error: identifier 'glad_glBindTextureUnit'
c:\users\lyrst\documents\kandidat\datx02-89\boidsim\boidsim\glad.c(296): error C2059: syntax error: ';'
c:\users\lyrst\documents\kandidat\datx02-89\boidsim\boidsim\glad.c(296): error C2513: ' ': no variable declared before '='
c:\users\lyrst\documents\kandidat\datx02-89\boidsim\boidsim\glad.c(297): error C2061: syntax error: identifier 'glad_glBindTextures'
c:\users\lyrst\documents\kandidat\datx02-89\boidsim\boidsim\glad.c(297): error C2059: syntax error: ';'
c:\users\lyrst\documents\kandidat\datx02-89\boidsim\boidsim\glad.c(297): error C2513: ' ': no variable declared before '='
c:\users\lyrst\documents\kandidat\datx02-89\boidsim\boidsim\glad.c(298): error C2061: syntax error: identifier 'glad_glBindTransformFeedback'
c:\users\lyrst\documents\kandidat\datx02-89\boidsim\boidsim\glad.c(298): error C2059: syntax error: ';'
c:\users\lyrst\documents\kandidat\datx02-89\boidsim\boidsim\glad.c(298): error C2513: ' ': no variable declared before '='
c:\users\lyrst\documents\kandidat\datx02-89\boidsim\boidsim\glad.c(300): error C2061: syntax error: identifier 'glad_glBindVertexBuffer'
c:\users\lyrst\documents\kandidat\datx02-89\boidsim\boidsim\glad.c(300): error C2059: syntax error: ';'
c:\users\lyrst\documents\kandidat\datx02-89\boidsim\boidsim\glad.c(300): error C2513: ' ': no variable declared before '='
c:\users\lyrst\documents\kandidat\datx02-89\boidsim\boidsim\glad.c(301): error C2061: syntax error: identifier 'glad_glBindVertexBuffers'
c:\users\lyrst\documents\kandidat\datx02-89\boidsim\boidsim\glad.c(301): error C2059: syntax error: ';'
c:\users\lyrst\documents\kandidat\datx02-89\boidsim\boidsim\glad.c(301): error C2513: ' ': no variable declared before '='
c:\users\lyrst\documents\kandidat\datx02-89\boidsim\boidsim\glad.c(305): error C2061: syntax error: identifier 'glad_glBlendEquationSeparatei'
c:\users\lyrst\documents\kandidat\datx02-89\boidsim\boidsim\glad.c(305): error C2059: syntax error: ';'
c:\users\lyrst\documents\kandidat\datx02-89\boidsim\boidsim\glad.c(305): error C2513: ' ': no variable declared before '='
c:\users\lyrst\documents\kandidat\datx02-89\boidsim\boidsim\glad.c(306): error C2061: syntax error: identifier 'glad_glBlendEquationi'
c:\users\lyrst\documents\kandidat\datx02-89\boidsim\boidsim\glad.c(306): error C2059: syntax error: ';'
c:\users\lyrst\documents\kandidat\datx02-89\boidsim\boidsim\glad.c(306): error C2513: ' ': no variable declared before '='
c:\users\lyrst\documents\kandidat\datx02-89\boidsim\boidsim\glad.c(309): error C2061: syntax error: identifier 'glad_glBlendFuncSeparatei'
c:\users\lyrst\documents\kandidat\datx02-89\boidsim\boidsim\glad.c(309): error C2059: syntax error: ';'
c:\users\lyrst\documents\kandidat\datx02-89\boidsim\boidsim\glad.c(309): error C2513: ' ': no variable declared before '='
c:\users\lyrst\documents\kandidat\datx02-89\boidsim\boidsim\glad.c(310): error C2061: syntax error: identifier 'glad_glBlendFunci'
c:\users\lyrst\documents\kandidat\datx02-89\boidsim\boidsim\glad.c(310): error C2059: syntax error: ';'
c:\users\lyrst\documents\kandidat\datx02-89\boidsim\boidsim\glad.c(310): error C2513: ' ': no variable declared before '='
c:\users\lyrst\documents\kandidat\datx02-89\boidsim\boidsim\glad.c(312): error C2061: syntax error: identifier 'glad_glBlitNamedFramebuffer'
c:\users\lyrst\documents\kandidat\datx02-89\boidsim\boidsim\glad.c(312): error C2059: syntax error: ';'
c:\users\lyrst\documents\kandidat\datx02-89\boidsim\boidsim\glad.c(312): error C2513: ' ': no variable declared before '='
c:\users\lyrst\documents\kandidat\datx02-89\boidsim\boidsim\glad.c(314): error C2061: syntax error: identifier 'glad_glBufferStorage'
c:\users\lyrst\documents\kandidat\datx02-89\boidsim\boidsim\glad.c(314): error C2059: syntax error: ';'
c:\users\lyrst\documents\kandidat\datx02-89\boidsim\boidsim\glad.c(314): error C2513: ' ': no variable declared before '='
c:\users\lyrst\documents\kandidat\datx02-89\boidsim\boidsim\glad.c(317): error C2061: syntax error: identifier 'glad_glCheckNamedFramebufferStatus'
c:\users\lyrst\documents\kandidat\datx02-89\boidsim\boidsim\glad.c(317): error C2059: syntax error: ';'
c:\users\lyrst\documents\kandidat\datx02-89\boidsim\boidsim\glad.c(317): error C2513: ' ': no variable declared before '='
c:\users\lyrst\documents\kandidat\datx02-89\boidsim\boidsim\glad.c(320): error C2061: syntax error: identifier 'glad_glClearBufferData'
c:\users\lyrst\documents\kandidat\datx02-89\boidsim\boidsim\glad.c(320): error C2059: syntax error: ';'
c:\users\lyrst\documents\kandidat\datx02-89\boidsim\boidsim\glad.c(320): error C2513: ' ': no variable declared before '='
c:\users\lyrst\documents\kandidat\datx02-89\boidsim\boidsim\glad.c(321): error C2061: syntax error: identifier 'glad_glClearBufferSubData'
c:\users\lyrst\documents\kandidat\datx02-89\boidsim\boidsim\glad.c(321): error C2059: syntax error: ';'
c:\users\lyrst\documents\kandidat\datx02-89\boidsim\boidsim\glad.c(321): error C2513: ' ': no variable declared before '='
c:\users\lyrst\documents\kandidat\datx02-89\boidsim\boidsim\glad.c(328): error C2061: syntax error: identifier 'glad_glClearDepthf'
c:\users\lyrst\documents\kandidat\datx02-89\boidsim\boidsim\glad.c(328): error C2059: syntax error: ';'
c:\users\lyrst\documents\kandidat\datx02-89\boidsim\boidsim\glad.c(328): error C2513: ' ': no variable declared before '='
c:\users\lyrst\documents\kandidat\datx02-89\boidsim\boidsim\glad.c(329): error C2061: syntax error: identifier 'glad_glClearNamedBufferData'
c:\users\lyrst\documents\kandidat\datx02-89\boidsim\boidsim\glad.c(329): error C2059: syntax error: ';'
c:\users\lyrst\documents\kandidat\datx02-89\boidsim\boidsim\glad.c(329): error C2513: ' ': no variable declared before '='
c:\users\lyrst\documents\kandidat\datx02-89\boidsim\boidsim\glad.c(330): error C2061: syntax error: identifier 'glad_glClearNamedBufferSubData'
c:\users\lyrst\documents\kandidat\datx02-89\boidsim\boidsim\glad.c(330): error C2059: syntax error: ';'
c:\users\lyrst\documents\kandidat\datx02-89\boidsim\boidsim\glad.c(330): error C2513: ' ': no variable declared before '='
c:\users\lyrst\documents\kandidat\datx02-89\boidsim\boidsim\glad.c(331): error C2061: syntax error: identifier 'glad_glClearNamedFramebufferfi'
c:\users\lyrst\documents\kandidat\datx02-89\boidsim\boidsim\glad.c(331): error C2059: syntax error: ';'
c:\users\lyrst\documents\kandidat\datx02-89\boidsim\boidsim\glad.c(331): error C2513: ' ': no variable declared before '='
c:\users\lyrst\documents\kandidat\datx02-89\boidsim\boidsim\glad.c(332): error C2061: syntax error: identifier 'glad_glClearNamedFramebufferfv'
c:\users\lyrst\documents\kandidat\datx02-89\boidsim\boidsim\glad.c(332): error C2059: syntax error: ';'
c:\users\lyrst\documents\kandidat\datx02-89\boidsim\boidsim\glad.c(332): error C2513: ' ': no variable declared before '='
c:\users\lyrst\documents\kandidat\datx02-89\boidsim\boidsim\glad.c(333): error C2061: syntax error: identifier 'glad_glClearNamedFramebufferiv'
c:\users\lyrst\documents\kandidat\datx02-89\boidsim\boidsim\glad.c(333): error C2059: syntax error: ';'
c:\users\lyrst\documents\kandidat\datx02-89\boidsim\boidsim\glad.c(333): error C2513: ' ': no variable declared before '='
c:\users\lyrst\documents\kandidat\datx02-89\boidsim\boidsim\glad.c(334): error C2061: syntax error: identifier 'glad_glClearNamedFramebufferuiv'
c:\users\lyrst\documents\kandidat\datx02-89\boidsim\boidsim\glad.c(334): error C2059: syntax error: ';'
c:\users\lyrst\documents\kandidat\datx02-89\boidsim\boidsim\glad.c(334): error C2513: ' ': no variable declared before '='
c:\users\lyrst\documents\kandidat\datx02-89\boidsim\boidsim\glad.c(336): error C2061: syntax error: identifier 'glad_glClearTexImage'
c:\users\lyrst\documents\kandidat\datx02-89\boidsim\boidsim\glad.c(336): error C2059: syntax error: ';'
c:\users\lyrst\documents\kandidat\datx02-89\boidsim\boidsim\glad.c(336): error C2513: ' ': no variable declared before '='
c:\users\lyrst\documents\kandidat\datx02-89\boidsim\boidsim\glad.c(337): error C2061: syntax error: identifier 'glad_glClearTexSubImage'
c:\users\lyrst\documents\kandidat\datx02-89\boidsim\boidsim\glad.c(337): error C2059: syntax error: ';'
c:\users\lyrst\documents\kandidat\datx02-89\boidsim\boidsim\glad.c(337): error C2513: ' ': no variable declared before '='
c:\users\lyrst\documents\kandidat\datx02-89\boidsim\boidsim\glad.c(339): error C2061: syntax error: identifier 'glad_glClipControl'
c:\users\lyrst\documents\kandidat\datx02-89\boidsim\boidsim\glad.c(339): error C2059: syntax error: ';'
c:\users\lyrst\documents\kandidat\datx02-89\boidsim\boidsim\glad.c(339): error C2513: ' ': no variable declared before '='
c:\users\lyrst\documents\kandidat\datx02-89\boidsim\boidsim\glad.c(353): error C2061: syntax error: identifier 'glad_glCompressedTextureSubImage1D'
c:\users\lyrst\documents\kandidat\datx02-89\boidsim\boidsim\glad.c(353): error C2059: syntax error: ';'
c:\users\lyrst\documents\kandidat\datx02-89\boidsim\boidsim\glad.c(353): error C2513: ' ': no variable declared before '='
c:\users\lyrst\documents\kandidat\datx02-89\boidsim\boidsim\glad.c(354): error C2061: syntax error: identifier 'glad_glCompressedTextureSubImage2D'
c:\users\lyrst\documents\kandidat\datx02-89\boidsim\boidsim\glad.c(354): error C2059: syntax error: ';'
c:\users\lyrst\documents\kandidat\datx02-89\boidsim\boidsim\glad.c(354): fatal error C1003: error count exceeds 100; stopping compilation
